[debug] [2021-06-08T11:17:15.728Z] ----------------------------------------------------------------------
[debug] [2021-06-08T11:17:15.735Z] Command:       C:\Program Files\nodejs\node.exe C:\Users\kamil\AppData\Roaming\npm\node_modules\firebase-tools\lib\bin\firebase.js serve
[debug] [2021-06-08T11:17:15.736Z] CLI Version:   9.12.1
[debug] [2021-06-08T11:17:15.737Z] Platform:      win32
[debug] [2021-06-08T11:17:15.737Z] Node Version:  v14.16.1
[debug] [2021-06-08T11:17:15.741Z] Time:          Tue Jun 08 2021 13:17:15 GMT+0200 (czas środkowoeuropejski letni)
[debug] [2021-06-08T11:17:15.742Z] ----------------------------------------------------------------------
[debug] 
[debug] [2021-06-08T11:17:15.790Z] > command requires scopes: ["email","openid","https://www.googleapis.com/auth/cloudplatformprojects.readonly","https://www.googleapis.com/auth/firebase","https://www.googleapis.com/auth/cloud-platform"]
[debug] [2021-06-08T11:17:15.791Z] > authorizing via signed-in user (bochno.kamil@gmail.com)
[debug] [2021-06-08T11:17:15.792Z] [iam] checking project e-commerce-app-ccdbc for permissions ["firebase.projects.get"]
[debug] [2021-06-08T11:17:15.799Z] > refreshing access token with scopes: ["email","https://www.googleapis.com/auth/cloud-platform","https://www.googleapis.com/auth/cloudplatformprojects.readonly","https://www.googleapis.com/auth/firebase","openid"]
[debug] [2021-06-08T11:17:15.800Z] >>> HTTP REQUEST POST https://www.googleapis.com/oauth2/v3/token  
 <request body omitted>
[debug] [2021-06-08T11:17:16.102Z] <<< HTTP RESPONSE 200 {"pragma":"no-cache","cache-control":"no-cache, no-store, max-age=0, must-revalidate","date":"Tue, 08 Jun 2021 11:17:14 GMT","expires":"Mon, 01 Jan 1990 00:00:00 GMT","content-type":"application/json; charset=utf-8","vary":"X-Origin, Referer, Origin,Accept-Encoding","server":"scaffolding on HTTPServer2","x-xss-protection":"0","x-frame-options":"SAMEORIGIN","x-content-type-options":"nosniff","alt-svc":"h3-29=\":443\"; ma=2592000,h3-T051=\":443\"; ma=2592000,h3-Q050=\":443\"; ma=2592000,h3-Q046=\":443\"; ma=2592000,h3-Q043=\":443\"; ma=2592000,quic=\":443\"; ma=2592000; v=\"46,43\"","accept-ranges":"none","transfer-encoding":"chunked"}
[debug] [2021-06-08T11:17:16.136Z] >>> HTTP REQUEST POST https://cloudresourcemanager.googleapis.com/v1/projects/e-commerce-app-ccdbc:testIamPermissions  
 {"permissions":["firebase.projects.get"]}
[debug] [2021-06-08T11:17:16.496Z] <<< HTTP RESPONSE 200 {"content-type":"application/json; charset=UTF-8","vary":"X-Origin, Referer, Origin,Accept-Encoding","date":"Tue, 08 Jun 2021 11:17:15 GMT","server":"ESF","cache-control":"private","x-xss-protection":"0","x-frame-options":"SAMEORIGIN","x-content-type-options":"nosniff","server-timing":"gfet4t7; dur=137","alt-svc":"h3=\":443\"; ma=2592000,h3-29=\":443\"; ma=2592000,h3-T051=\":443\"; ma=2592000,h3-Q050=\":443\"; ma=2592000,h3-Q046=\":443\"; ma=2592000,h3-Q043=\":443\"; ma=2592000,quic=\":443\"; ma=2592000; v=\"46,43\"","accept-ranges":"none","transfer-encoding":"chunked"}
[debug] [2021-06-08T11:17:16.500Z] > refreshing access token with scopes: []
[debug] [2021-06-08T11:17:16.501Z] >>> HTTP REQUEST POST https://www.googleapis.com/oauth2/v3/token  
 <request body omitted>
[debug] [2021-06-08T11:17:16.706Z] <<< HTTP RESPONSE 200 {"pragma":"no-cache","date":"Tue, 08 Jun 2021 11:17:15 GMT","cache-control":"no-cache, no-store, max-age=0, must-revalidate","expires":"Mon, 01 Jan 1990 00:00:00 GMT","content-type":"application/json; charset=utf-8","vary":"X-Origin, Referer, Origin,Accept-Encoding","server":"scaffolding on HTTPServer2","x-xss-protection":"0","x-frame-options":"SAMEORIGIN","x-content-type-options":"nosniff","alt-svc":"h3-29=\":443\"; ma=2592000,h3-T051=\":443\"; ma=2592000,h3-Q050=\":443\"; ma=2592000,h3-Q046=\":443\"; ma=2592000,h3-Q043=\":443\"; ma=2592000,quic=\":443\"; ma=2592000; v=\"46,43\"","accept-ranges":"none","transfer-encoding":"chunked"}
[debug] [2021-06-08T11:17:16.740Z] >>> [apiv2][query] GET https://firebase.googleapis.com/v1beta1/projects/e-commerce-app-ccdbc [none]
[debug] [2021-06-08T11:17:17.115Z] <<< [apiv2][status] GET https://firebase.googleapis.com/v1beta1/projects/e-commerce-app-ccdbc 200
[debug] [2021-06-08T11:17:17.116Z] <<< [apiv2][body] GET https://firebase.googleapis.com/v1beta1/projects/e-commerce-app-ccdbc {"projectId":"e-commerce-app-ccdbc","projectNumber":"604184822980","displayName":"e-commerce-app","name":"projects/e-commerce-app-ccdbc","resources":{"hostingSite":"e-commerce-app-ccdbc"},"state":"ACTIVE"}
[info] 
[info] === Serving from 'C:\Users\kamil\Desktop\Projects\e-commerce-app'...
[info] 
[debug] [2021-06-08T11:17:17.123Z] >>> [apiv2][query] GET https://firebasehosting.googleapis.com/v1beta1/projects/e-commerce-app-ccdbc/sites 
[debug] [2021-06-08T11:17:18.144Z] <<< [apiv2][status] GET https://firebasehosting.googleapis.com/v1beta1/projects/e-commerce-app-ccdbc/sites 200
[debug] [2021-06-08T11:17:18.144Z] <<< [apiv2][body] GET https://firebasehosting.googleapis.com/v1beta1/projects/e-commerce-app-ccdbc/sites {"sites":[{"name":"projects/604184822980/sites/e-commerce-app-ccdbc","defaultUrl":"https://e-commerce-app-ccdbc.web.app","type":"DEFAULT_SITE"}]}
[debug] [2021-06-08T11:17:18.145Z] >>> [apiv2][query] GET https://firebase.googleapis.com/v1beta1/projects/e-commerce-app-ccdbc/webApps/-/config [none]
[debug] [2021-06-08T11:17:18.992Z] <<< [apiv2][status] GET https://firebase.googleapis.com/v1beta1/projects/e-commerce-app-ccdbc/webApps/-/config 200
[debug] [2021-06-08T11:17:18.993Z] <<< [apiv2][body] GET https://firebase.googleapis.com/v1beta1/projects/e-commerce-app-ccdbc/webApps/-/config {"projectId":"e-commerce-app-ccdbc","storageBucket":"e-commerce-app-ccdbc.appspot.com","apiKey":"AIzaSyAOT-Wj8ALdsMnmWxDn_Jj2G9vNx1jxGu4","authDomain":"e-commerce-app-ccdbc.firebaseapp.com","messagingSenderId":"604184822980"}
[warn] !  hosting: Port 5000 is not available. Trying another port... {"metadata":{"emulator":{"name":"hosting"},"message":"\u001b[33mhosting: \u001b[39mPort 5000 is not available. Trying another port..."}}
[info] i  hosting: Serving hosting files from: build {"metadata":{"emulator":{"name":"hosting"},"message":"Serving hosting files from: \u001b[1mbuild\u001b[22m"}}
[info] +  hosting: Local server: http://localhost:5005 {"metadata":{"emulator":{"name":"hosting"},"message":"Local server: \u001b[4m\u001b[1mhttp://localhost:5005\u001b[22m\u001b[24m"}}
[info] i  hosting: 127.0.0.1 - - [08/Jun/2021:11:17:30 +0000] "GET / HTTP/1.1" 404 139 "-" "Mozilla/5.0 (Windows NT 10.0; Win64; x64) AppleWebKit/537.36 (KHTML, like Gecko) Chrome/90.0.4430.93 Safari/537.36" {"metadata":{"emulator":{"name":"hosting"},"message":"127.0.0.1 - - [08/Jun/2021:11:17:30 +0000] \"GET / HTTP/1.1\" 404 139 \"-\" \"Mozilla/5.0 (Windows NT 10.0; Win64; x64) AppleWebKit/537.36 (KHTML, like Gecko) Chrome/90.0.4430.93 Safari/537.36\""}}
